Using pre-set license
Built from '2021.3/staging' branch; Version is '2021.3.15f1 (e8e88683f834) revision 15263878'; Using compiler version '192829333'; Build Type 'Release'
OS: 'Windows 11  (10.0.22621) 64bit Professional' Language: 'en' Physical Memory: 65276 MB
BatchMode: 1, IsHumanControllingUs: 0, StartBugReporterOnCrash: 0, Is64bit: 1, IsPro: 1

COMMAND LINE ARGUMENTS:
C:\Program Files\Unity\Hub\Editor\2021.3.15f1\Editor\Unity.exe
-adb2
-batchMode
-noUpm
-name
AssetImportWorker2
-projectPath
C:/Users/61478/Documents/Projects/DeliciousMoments/PlayerExpA1.2/PlayerExperienceA1
-logFile
Logs/AssetImportWorker2.log
-srvPort
62973
Successfully changed project path to: C:/Users/61478/Documents/Projects/DeliciousMoments/PlayerExpA1.2/PlayerExperienceA1
C:/Users/61478/Documents/Projects/DeliciousMoments/PlayerExpA1.2/PlayerExperienceA1
[UnityMemory] Configuration Parameters - Can be set up in boot.config
    "memorysetup-bucket-allocator-granularity=16"
    "memorysetup-bucket-allocator-bucket-count=8"
    "memorysetup-bucket-allocator-block-size=33554432"
    "memorysetup-bucket-allocator-block-count=8"
    "memorysetup-main-allocator-block-size=16777216"
    "memorysetup-thread-allocator-block-size=16777216"
    "memorysetup-gfx-main-allocator-block-size=16777216"
    "memorysetup-gfx-thread-allocator-block-size=16777216"
    "memorysetup-cache-allocator-block-size=4194304"
    "memorysetup-typetree-allocator-block-size=2097152"
    "memorysetup-profiler-bucket-allocator-granularity=16"
    "memorysetup-profiler-bucket-allocator-bucket-count=8"
    "memorysetup-profiler-bucket-allocator-block-size=33554432"
    "memorysetup-profiler-bucket-allocator-block-count=8"
    "memorysetup-profiler-allocator-block-size=16777216"
    "memorysetup-profiler-editor-allocator-block-size=1048576"
    "memorysetup-temp-allocator-size-main=16777216"
    "memorysetup-job-temp-allocator-block-size=2097152"
    "memorysetup-job-temp-allocator-block-size-background=1048576"
    "memorysetup-job-temp-allocator-reduction-small-platforms=262144"
    "memorysetup-temp-allocator-size-background-worker=32768"
    "memorysetup-temp-allocator-size-job-worker=262144"
    "memorysetup-temp-allocator-size-preload-manager=33554432"
    "memorysetup-temp-allocator-size-nav-mesh-worker=65536"
    "memorysetup-temp-allocator-size-audio-worker=65536"
    "memorysetup-temp-allocator-size-cloud-worker=32768"
    "memorysetup-temp-allocator-size-gi-baking-worker=262144"
    "memorysetup-temp-allocator-size-gfx=262144"
Player connection [17176] Host "[IP] 192.168.0.100 [Port] 0 [Flags] 2 [Guid] 2522010288 [EditorId] 2522010288 [Version] 1048832 [Id] WindowsEditor(7,T1000) [Debug] 1 [PackageName] WindowsEditor [ProjectName] Editor" joined multi-casting on [225.0.0.222:54997]...

Player connection [17176] Host "[IP] 192.168.0.100 [Port] 0 [Flags] 2 [Guid] 2522010288 [EditorId] 2522010288 [Version] 1048832 [Id] WindowsEditor(7,T1000) [Debug] 1 [PackageName] WindowsEditor [ProjectName] Editor" joined alternative multi-casting on [225.0.0.222:34997]...

Refreshing native plugins compatible for Editor in 49.63 ms, found 5 plugins.
Preloading 0 native plugins for Editor in 0.00 ms.
Initialize engine version: 2021.3.15f1 (e8e88683f834)
[Subsystems] Discovering subsystems at path C:/Program Files/Unity/Hub/Editor/2021.3.15f1/Editor/Data/Resources/UnitySubsystems
[Subsystems] Discovering subsystems at path C:/Users/61478/Documents/Projects/DeliciousMoments/PlayerExpA1.2/PlayerExperienceA1/Assets
GfxDevice: creating device client; threaded=0; jobified=0
Direct3D:
    Version:  Direct3D 11.0 [level 11.1]
    Renderer: NVIDIA GeForce RTX 3080 (ID=0x2216)
    Vendor:   NVIDIA
    VRAM:     10067 MB
    Driver:   31.0.15.2737
Initialize mono
Mono path[0] = 'C:/Program Files/Unity/Hub/Editor/2021.3.15f1/Editor/Data/Managed'
Mono path[1] = 'C:/Program Files/Unity/Hub/Editor/2021.3.15f1/Editor/Data/MonoBleedingEdge/lib/mono/unityjit-win32'
Mono config path = 'C:/Program Files/Unity/Hub/Editor/2021.3.15f1/Editor/Data/MonoBleedingEdge/etc'
Using monoOptions --debugger-agent=transport=dt_socket,embedding=1,server=y,suspend=n,address=127.0.0.1:56708
Begin MonoManager ReloadAssembly
Registering precompiled unity dll's ...
Register platform support module: C:/Program Files/Unity/Hub/Editor/2021.3.15f1/Editor/Data/PlaybackEngines/WindowsStandaloneSupport/UnityEditor.WindowsStandalone.Extensions.dll
Registered in 0.002193 seconds.
Native extension for WindowsStandalone target not found
Refreshing native plugins compatible for Editor in 42.27 ms, found 5 plugins.
Preloading 0 native plugins for Editor in 0.00 ms.
Mono: successfully reloaded assembly
- Completed reload, in  0.319 seconds
Domain Reload Profiling:
	ReloadAssembly (319ms)
		BeginReloadAssembly (37ms)
			ExecutionOrderSort (0ms)
			DisableScriptedObjects (0ms)
			BackupInstance (0ms)
			ReleaseScriptingObjects (0ms)
			CreateAndSetChildDomain (0ms)
		EndReloadAssembly (227ms)
			LoadAssemblies (36ms)
			RebuildTransferFunctionScriptingTraits (0ms)
			SetupTypeCache (53ms)
			ReleaseScriptCaches (0ms)
			RebuildScriptCaches (14ms)
			SetupLoadedEditorAssemblies (134ms)
				LogAssemblyErrors (0ms)
				InitializePlatformSupportModulesInManaged (4ms)
				SetLoadedEditorAssemblies (0ms)
				RefreshPlugins (42ms)
				BeforeProcessingInitializeOnLoad (1ms)
				ProcessInitializeOnLoadAttributes (62ms)
				ProcessInitializeOnLoadMethodAttributes (24ms)
				AfterProcessingInitializeOnLoad (0ms)
				EditorAssembliesLoaded (0ms)
			ExecutionOrderSort2 (0ms)
			AwakeInstancesAfterBackupRestoration (0ms)
Platform modules already initialized, skipping
Registering precompiled user dll's ...
Registered in 0.004209 seconds.
Begin MonoManager ReloadAssembly
Symbol file LoadedFromMemory doesn't match image C:\Users\61478\Documents\Projects\DeliciousMoments\PlayerExpA1.2\PlayerExperienceA1\Library\PackageCache\com.unity.visualscripting@1.7.8\Editor\VisualScripting.Core\Dependencies\DotNetZip\Unity.VisualScripting.IonicZip.dll
Symbol file LoadedFromMemory doesn't match image C:\Users\61478\Documents\Projects\DeliciousMoments\PlayerExpA1.2\PlayerExperienceA1\Library\PackageCache\com.unity.visualscripting@1.7.8\Editor\VisualScripting.Core\Dependencies\YamlDotNet\Unity.VisualScripting.YamlDotNet.dll
Native extension for WindowsStandalone target not found
Refreshing native plugins compatible for Editor in 0.61 ms, found 5 plugins.
Preloading 0 native plugins for Editor in 0.00 ms.
Mono: successfully reloaded assembly
- Completed reload, in  0.545 seconds
Domain Reload Profiling:
	ReloadAssembly (546ms)
		BeginReloadAssembly (54ms)
			ExecutionOrderSort (0ms)
			DisableScriptedObjects (3ms)
			BackupInstance (0ms)
			ReleaseScriptingObjects (0ms)
			CreateAndSetChildDomain (10ms)
		EndReloadAssembly (433ms)
			LoadAssemblies (42ms)
			RebuildTransferFunctionScriptingTraits (0ms)
			SetupTypeCache (142ms)
			ReleaseScriptCaches (0ms)
			RebuildScriptCaches (28ms)
			SetupLoadedEditorAssemblies (199ms)
				LogAssemblyErrors (0ms)
				InitializePlatformSupportModulesInManaged (3ms)
				SetLoadedEditorAssemblies (0ms)
				RefreshPlugins (1ms)
				BeforeProcessingInitializeOnLoad (44ms)
				ProcessInitializeOnLoadAttributes (136ms)
				ProcessInitializeOnLoadMethodAttributes (13ms)
				AfterProcessingInitializeOnLoad (3ms)
				EditorAssembliesLoaded (0ms)
			ExecutionOrderSort2 (0ms)
			AwakeInstancesAfterBackupRestoration (3ms)
Platform modules already initialized, skipping
========================================================================
Worker process is ready to serve import requests
Launched and connected shader compiler UnityShaderCompiler.exe after 0.02 seconds
Refreshing native plugins compatible for Editor in 0.54 ms, found 5 plugins.
Preloading 0 native plugins for Editor in 0.00 ms.
Unloading 3715 Unused Serialized files (Serialized files now loaded: 0)
Unloading 98 unused Assets / (130.2 KB). Loaded Objects now: 4116.
Memory consumption went from 133.6 MB to 133.5 MB.
Total: 1.994600 ms (FindLiveObjects: 0.152400 ms CreateObjectMapping: 0.050500 ms MarkObjects: 1.719100 ms  DeleteObjects: 0.071900 ms)

AssetImportParameters requested are different than current active one (requested -> active):
  custom:video-decoder-ogg-theora: a1e56fd34408186e4bbccfd4996cb3dc -> 
  custom:container-muxer-webm: aa71ff27fc2769a1b78a27578f13a17b -> 
  custom:container-demuxer-webm: 4f35f7cbe854078d1ac9338744f61a02 -> 
  custom:video-encoder-webm-vp8: eb34c28f22e8b96e1ab97ce403110664 -> 
  custom:video-codec-MediaFoundation-h265: 746d11721c4dcdbdad8f713fa42b33f4 -> 
  custom:audio-encoder-webm-vorbis: bf7c407c2cedff20999df2af8eb42d56 -> 
  custom:framework-win-MediaFoundation: 216162199b28c13a410421893ffa2e32 -> 
  custom:container-demuxer-ogg: 62fdf1f143b41e24485cea50d1cbac27 -> 
  custom:video-decoder-webm-vp8: 9c59270c3fd7afecdb556c50c9e8de78 -> 
  custom:audio-decoder-ogg-vorbis: bf7c407c2cedff20999df2af8eb42d56 -> 
========================================================================
Received Import Request.
  Time since last request: 394862.092779 seconds.
  path: Assets/Particles/Planets
  artifactKey: Guid(1c3cdc55d8ce6ab4aa6a9b73c538daf7) Importer(815301076,1909f56bfc062723c751e8b465ee728b)
Start importing Assets/Particles/Planets using Guid(1c3cdc55d8ce6ab4aa6a9b73c538daf7) Importer(815301076,1909f56bfc062723c751e8b465ee728b)  -> (artifact id: 'f13a98882d89f60428eb5831b227dc90') in 0.010592 seconds 
========================================================================
Received Import Request.
  Time since last request: 0.062167 seconds.
  path: Assets/Particles/Planets/EarthParticle.prefab
  artifactKey: Guid(eae4dfa9b29f63f4a99506646d476e0a) Importer(815301076,1909f56bfc062723c751e8b465ee728b)
Start importing Assets/Particles/Planets/EarthParticle.prefab using Guid(eae4dfa9b29f63f4a99506646d476e0a) Importer(815301076,1909f56bfc062723c751e8b465ee728b)  -> (artifact id: '0bfc247882e834f8af927a9664235698') in 0.075547 seconds 
========================================================================
Received Import Request.
  Time since last request: 5.062191 seconds.
  path: Assets/Plugins/FMOD/Cache/Editor/FMODStudioCache.asset
  artifactKey: Guid(f12101d0a5bb6214bbf24f43eeca4609) Importer(815301076,1909f56bfc062723c751e8b465ee728b)
Start importing Assets/Plugins/FMOD/Cache/Editor/FMODStudioCache.asset using Guid(f12101d0a5bb6214bbf24f43eeca4609) Importer(815301076,1909f56bfc062723c751e8b465ee728b)  -> (artifact id: '5b1c43de1c51b0b828cb36a443648d96') in 0.011586 seconds 
========================================================================
Received Import Request.
  Time since last request: 0.000015 seconds.
  path: Assets/Fonts/Mont-Heavy.asset
  artifactKey: Guid(4f65a39bdf72b9c47b999cebd2509fa1) Importer(815301076,1909f56bfc062723c751e8b465ee728b)
Start importing Assets/Fonts/Mont-Heavy.asset using Guid(4f65a39bdf72b9c47b999cebd2509fa1) Importer(815301076,1909f56bfc062723c751e8b465ee728b)  -> (artifact id: '4406943a39e9b8222cad728a001a0c5d') in 0.039852 seconds 
========================================================================
Received Import Request.
  Time since last request: 2.328408 seconds.
  path: Assets/Prefabs/Ball.prefab
  artifactKey: Guid(bdf99911b1d155049b8dabe641eb78c5) Importer(815301076,1909f56bfc062723c751e8b465ee728b)
Start importing Assets/Prefabs/Ball.prefab using Guid(bdf99911b1d155049b8dabe641eb78c5) Importer(815301076,1909f56bfc062723c751e8b465ee728b)  -> (artifact id: '04215634efc274c81c64e8936c41b71e') in 0.023064 seconds 
========================================================================
Received Import Request.
  Time since last request: 0.000013 seconds.
  path: Assets/Models/Button.fbx
  artifactKey: Guid(89b516b1b85de77438e0e449caad0f3f) Importer(815301076,1909f56bfc062723c751e8b465ee728b)
Start importing Assets/Models/Button.fbx using Guid(89b516b1b85de77438e0e449caad0f3f) Importer(815301076,1909f56bfc062723c751e8b465ee728b)  -> (artifact id: 'f60e98473eb55ad6a00d9b309b985e72') in 0.080060 seconds 
========================================================================
Received Import Request.
  Time since last request: 0.000014 seconds.
  path: Assets/Models/WaterStuff.fbx
  artifactKey: Guid(1e7ddba09b586bc4684aa61409fac22f) Importer(815301076,1909f56bfc062723c751e8b465ee728b)
Start importing Assets/Models/WaterStuff.fbx using Guid(1e7ddba09b586bc4684aa61409fac22f) Importer(815301076,1909f56bfc062723c751e8b465ee728b)  -> (artifact id: '868ea4f995d5156b25e6142da97708e6') in 0.042236 seconds 
========================================================================
Received Prepare
Registering precompiled user dll's ...
Registered in 0.005008 seconds.
Begin MonoManager ReloadAssembly
Symbol file LoadedFromMemory doesn't match image C:\Users\61478\Documents\Projects\DeliciousMoments\PlayerExpA1.2\PlayerExperienceA1\Library\PackageCache\com.unity.visualscripting@1.7.8\Editor\VisualScripting.Core\Dependencies\DotNetZip\Unity.VisualScripting.IonicZip.dll
Symbol file LoadedFromMemory doesn't match image C:\Users\61478\Documents\Projects\DeliciousMoments\PlayerExpA1.2\PlayerExperienceA1\Library\PackageCache\com.unity.visualscripting@1.7.8\Editor\VisualScripting.Core\Dependencies\YamlDotNet\Unity.VisualScripting.YamlDotNet.dll
Native extension for WindowsStandalone target not found
Refreshing native plugins compatible for Editor in 0.64 ms, found 5 plugins.
Preloading 0 native plugins for Editor in 0.00 ms.
Mono: successfully reloaded assembly
- Completed reload, in  0.532 seconds
Domain Reload Profiling:
	ReloadAssembly (533ms)
		BeginReloadAssembly (73ms)
			ExecutionOrderSort (0ms)
			DisableScriptedObjects (2ms)
			BackupInstance (0ms)
			ReleaseScriptingObjects (0ms)
			CreateAndSetChildDomain (21ms)
		EndReloadAssembly (410ms)
			LoadAssemblies (42ms)
			RebuildTransferFunctionScriptingTraits (0ms)
			SetupTypeCache (137ms)
			ReleaseScriptCaches (1ms)
			RebuildScriptCaches (21ms)
			SetupLoadedEditorAssemblies (185ms)
				LogAssemblyErrors (0ms)
				InitializePlatformSupportModulesInManaged (7ms)
				SetLoadedEditorAssemblies (0ms)
				RefreshPlugins (1ms)
				BeforeProcessingInitializeOnLoad (34ms)
				ProcessInitializeOnLoadAttributes (125ms)
				ProcessInitializeOnLoadMethodAttributes (14ms)
				AfterProcessingInitializeOnLoad (4ms)
				EditorAssembliesLoaded (0ms)
			ExecutionOrderSort2 (0ms)
			AwakeInstancesAfterBackupRestoration (3ms)
Platform modules already initialized, skipping
Refreshing native plugins compatible for Editor in 4.97 ms, found 5 plugins.
Preloading 0 native plugins for Editor in 0.00 ms.
Unloading 3695 Unused Serialized files (Serialized files now loaded: 0)
Unloading 81 unused Assets / (98.0 KB). Loaded Objects now: 4180.
Memory consumption went from 136.8 MB to 136.7 MB.
Total: 2.445800 ms (FindLiveObjects: 0.149100 ms CreateObjectMapping: 0.043900 ms MarkObjects: 2.198100 ms  DeleteObjects: 0.053700 ms)

AssetImportParameters requested are different than current active one (requested -> active):
  custom:video-decoder-ogg-theora: a1e56fd34408186e4bbccfd4996cb3dc -> 
  custom:container-muxer-webm: aa71ff27fc2769a1b78a27578f13a17b -> 
  custom:container-demuxer-webm: 4f35f7cbe854078d1ac9338744f61a02 -> 
  custom:video-encoder-webm-vp8: eb34c28f22e8b96e1ab97ce403110664 -> 
  custom:video-codec-MediaFoundation-h265: 746d11721c4dcdbdad8f713fa42b33f4 -> 
  custom:audio-encoder-webm-vorbis: bf7c407c2cedff20999df2af8eb42d56 -> 
  custom:framework-win-MediaFoundation: 216162199b28c13a410421893ffa2e32 -> 
  custom:container-demuxer-ogg: 62fdf1f143b41e24485cea50d1cbac27 -> 
  custom:video-decoder-webm-vp8: 9c59270c3fd7afecdb556c50c9e8de78 -> 
  custom:audio-decoder-ogg-vorbis: bf7c407c2cedff20999df2af8eb42d56 -> 
========================================================================
Received Import Request.
  Time since last request: 150.687962 seconds.
  path: Assets/Prefabs/Pufferfish.prefab
  artifactKey: Guid(bc1de9af157cd784a94eb9e5422f1503) Importer(815301076,1909f56bfc062723c751e8b465ee728b)
Start importing Assets/Prefabs/Pufferfish.prefab using Guid(bc1de9af157cd784a94eb9e5422f1503) Importer(815301076,1909f56bfc062723c751e8b465ee728b)  -> (artifact id: 'a2106cd051933780c31d21c6c2dcabe0') in 0.073063 seconds 
========================================================================
Received Import Request.
  Time since last request: 187.449760 seconds.
  path: Assets/Particles/GoldRay.mat
  artifactKey: Guid(80c69827367ac274a923d35b23d8cca2) Importer(815301076,1909f56bfc062723c751e8b465ee728b)
Start importing Assets/Particles/GoldRay.mat using Guid(80c69827367ac274a923d35b23d8cca2) Importer(815301076,1909f56bfc062723c751e8b465ee728b)  -> (artifact id: '7020f07ea0fb86b0a9014885cfadd6b5') in 0.020248 seconds 
========================================================================
Received Import Request.
  Time since last request: 7.039342 seconds.
  path: Assets/Materials/CorrectPin.prefab
  artifactKey: Guid(e6cf6a28b28b880418007196478dbdb2) Importer(815301076,1909f56bfc062723c751e8b465ee728b)
Start importing Assets/Materials/CorrectPin.prefab using Guid(e6cf6a28b28b880418007196478dbdb2) Importer(815301076,1909f56bfc062723c751e8b465ee728b)  -> (artifact id: 'b63977ec0cb8b64c76856b1b69e2d9e5') in 0.016860 seconds 
========================================================================
Received Import Request.
  Time since last request: 0.000013 seconds.
  path: Assets/Materials/VaultUnlock.mat
  artifactKey: Guid(2dd65531e5205174ba27d67ca8788226) Importer(815301076,1909f56bfc062723c751e8b465ee728b)
Start importing Assets/Materials/VaultUnlock.mat using Guid(2dd65531e5205174ba27d67ca8788226) Importer(815301076,1909f56bfc062723c751e8b465ee728b)  -> (artifact id: 'f358b74422ea61892d2433f4ceabfbd1') in 0.012986 seconds 
========================================================================
Received Import Request.
  Time since last request: 0.000014 seconds.
  path: Assets/Materials/pngkey.com-particle-effects-png-1019506.png
  artifactKey: Guid(a8e00a421e7c0cd44a2db1b65cdd6a0c) Importer(815301076,1909f56bfc062723c751e8b465ee728b)
Start importing Assets/Materials/pngkey.com-particle-effects-png-1019506.png using Guid(a8e00a421e7c0cd44a2db1b65cdd6a0c) Importer(815301076,1909f56bfc062723c751e8b465ee728b)  -> (artifact id: '837c1c753e9712988793dc1917cf3a1f') in 0.029193 seconds 
========================================================================
Received Import Request.
  Time since last request: 0.000013 seconds.
  path: Assets/Materials/IncorrectPin.prefab
  artifactKey: Guid(b9935f72c26b11b43a31bac114d2af64) Importer(815301076,1909f56bfc062723c751e8b465ee728b)
Start importing Assets/Materials/IncorrectPin.prefab using Guid(b9935f72c26b11b43a31bac114d2af64) Importer(815301076,1909f56bfc062723c751e8b465ee728b)  -> (artifact id: '0bbf13eaf7e09b563d866f9022fff849') in 0.015189 seconds 
========================================================================
Received Import Request.
  Time since last request: 0.000021 seconds.
  path: Assets/Materials/Water.mat
  artifactKey: Guid(f86acbdc1bb32754284dbe63cad922f0) Importer(815301076,1909f56bfc062723c751e8b465ee728b)
Start importing Assets/Materials/Water.mat using Guid(f86acbdc1bb32754284dbe63cad922f0) Importer(815301076,1909f56bfc062723c751e8b465ee728b)  -> (artifact id: '2d773eebbaea7926fd706750a528b688') in 0.015136 seconds 
Editor requested this worker to shutdown with reason: Scaling down because of idle timeout
AssetImportWorker is now disconnected from the server
Process exiting
Exiting without the bug reporter. Application will terminate with return code 0